#
# There is insufficient memory for the Java Runtime Environment to continue.
# Native memory allocation (malloc) failed to allocate 1048576 bytes for AllocateHeap
# Possible reasons:
#   The system is out of physical RAM or swap space
#   In 32 bit mode, the process size limit was hit
# Possible solutions:
#   Reduce memory load on the system
#   Increase physical memory or swap space
#   Check if swap backing store is full
#   Use 64 bit Java on a 64 bit OS
#   Decrease Java heap size (-Xmx/-Xms)
#   Decrease number of Java threads
#   Decrease Java thread stack sizes (-Xss)
#   Set larger code cache with -XX:ReservedCodeCacheSize=
# This output file may be truncated or incomplete.
#
#  Out of Memory Error (memory/allocation.inline.hpp:61), pid=15380, tid=0x0000000000003794
#
# JRE version:  (8.0_181-b13) (build )
# Java VM: Java HotSpot(TM) 64-Bit Server VM (25.181-b13 mixed mode windows-amd64 compressed oops)
# Failed to write core dump. Minidumps are not enabled by default on client versions of Windows
#

---------------  T H R E A D  ---------------

Current thread (0x000000000281a000):  JavaThread "Unknown thread" [_thread_in_vm, id=14228, stack(0x0000000002ea0000,0x0000000002fa0000)]

Stack: [0x0000000002ea0000,0x0000000002fa0000]
[error occurred during error reporting (printing stack bounds), id 0xc0000005]

Native frames: (J=compiled Java code, j=interpreted, Vv=VM code, C=native code)


---------------  P R O C E S S  ---------------

Java Threads: ( => current thread )

Other Threads:

=>0x000000000281a000 (exited) JavaThread "Unknown thread" [_thread_in_vm, id=14228, stack(0x0000000002ea0000,0x0000000002fa0000)]

VM state:not at safepoint (normal execution)

VM Mutex/Monitor currently owned by a thread: None

Heap:
 PSYoungGen      total 38400K, used 665K [0x00000000d5e00000, 0x00000000d8880000, 0x0000000100000000)
  eden space 33280K, 2% used [0x00000000d5e00000,0x00000000d5ea6670,0x00000000d7e80000)
  from space 5120K, 0% used [0x00000000d8380000,0x00000000d8380000,0x00000000d8880000)
  to   space 5120K, 0% used [0x00000000d7e80000,0x00000000d7e80000,0x00000000d8380000)
 ParOldGen       total 87552K, used 0K [0x0000000081a00000, 0x0000000086f80000, 0x00000000d5e00000)
  object space 87552K, 0% used [0x0000000081a00000,0x0000000081a00000,0x0000000086f80000)
 Metaspace       used 775K, capacity 4480K, committed 4480K, reserved 1056768K
  class space    used 76K, capacity 384K, committed 384K, reserved 1048576K

Card table byte_map: [0x0000000012460000,0x0000000012860000] byte_map_base: 0x0000000012053000

Marking Bits: (ParMarkBitMap*) 0x0000000061dd2d00
 Begin Bits: [0x0000000013690000, 0x0000000015628000)
 End Bits:   [0x0000000015628000, 0x00000000175c0000)

Polling page: 0x0000000001ba0000

CodeCache: size=245760Kb used=328Kb max_used=328Kb free=245431Kb
 bounds [0x00000000030a0000, 0x0000000003310000, 0x00000000120a0000]
 total_blobs=58 nmethods=0 adapters=38
 compilation: enabled

Compilation events (0 events):
No events

GC Heap History (0 events):
No events

Deoptimization events (0 events):
No events

Classes redefined (0 events):
No events

Internal exceptions (0 events):
No events

Events (10 events):
Event: 0.079 loading class java/lang/Short
Event: 0.079 loading class java/lang/Short done
Event: 0.079 loading class java/lang/Integer
Event: 0.079 loading class java/lang/Integer done
Event: 0.079 loading class java/lang/Long
Event: 0.079 loading class java/lang/Long done
Event: 0.080 loading class java/lang/NullPointerException
Event: 0.080 loading class java/lang/NullPointerException done
Event: 0.080 loading class java/lang/ArithmeticException
Event: 0.080 loading class java/lang/ArithmeticException done


Dynamic libraries:
0x000000013f810000 - 0x000000013f847000 	D:\tools\JAVA\jdk\bin\java.exe
0x0000000077640000 - 0x00000000777df000 	C:\windows\SYSTEM32\ntdll.dll
0x00000000773e0000 - 0x00000000774ff000 	C:\windows\system32\kernel32.dll
0x000007fefd270000 - 0x000007fefd2da000 	C:\windows\system32\KERNELBASE.dll
0x000007fefdfb0000 - 0x000007fefe08b000 	C:\windows\system32\ADVAPI32.dll
0x000007feff770000 - 0x000007feff80f000 	C:\windows\system32\msvcrt.dll
0x000007fefdb30000 - 0x000007fefdb4f000 	C:\windows\SYSTEM32\sechost.dll
0x000007fefd9f0000 - 0x000007fefdb1c000 	C:\windows\system32\RPCRT4.dll
0x00000000772e0000 - 0x00000000773da000 	C:\windows\system32\USER32.dll
0x000007fefd750000 - 0x000007fefd7b7000 	C:\windows\system32\GDI32.dll
0x000007fefdb20000 - 0x000007fefdb2e000 	C:\windows\system32\LPK.dll
0x000007fefe3f0000 - 0x000007fefe4bb000 	C:\windows\system32\USP10.dll
0x000007fefa860000 - 0x000007fefaa54000 	C:\windows\WinSxS\amd64_microsoft.windows.common-controls_6595b64144ccf1df_6.0.7601.23403_none_e36ad4593102f066\COMCTL32.dll
0x000007feff8b0000 - 0x000007feff921000 	C:\windows\system32\SHLWAPI.dll
0x000007fefd610000 - 0x000007fefd63e000 	C:\windows\system32\IMM32.DLL
0x000007fefd640000 - 0x000007fefd749000 	C:\windows\system32\MSCTF.dll
0x0000000180000000 - 0x0000000180098000 	C:\Windows\LVUAAgentInstBaseRoot\system32\Vozokopot.dll
0x000007fefbf40000 - 0x000007fefbf61000 	C:\Windows\LVUAAgentInstBaseRoot\system32\MozartBreathFw.dll
0x000007fefb9f0000 - 0x000007fefbf3f000 	C:\Windows\LVUAAgentInstBaseRoot\system32\MozartBreathCore.dll
0x0000000074b80000 - 0x0000000074c1a000 	C:\Windows\LVUAAgentInstBaseRoot\system32\SteinwayMSVCRT.dll
0x0000000074ab0000 - 0x0000000074b80000 	C:\Windows\LVUAAgentInstBaseRoot\system32\SteinwayMSVCSTL.dll
0x000007fefb970000 - 0x000007fefb9e1000 	C:\windows\system32\WINSPOOL.DRV
0x000007feff810000 - 0x000007feff8a7000 	C:\windows\system32\COMDLG32.dll
0x000007fefe5c0000 - 0x000007feff34a000 	C:\windows\system32\SHELL32.dll
0x000007feff4d0000 - 0x000007feff6cf000 	C:\windows\system32\ole32.dll
0x000007feff3f0000 - 0x000007feff4ca000 	C:\windows\system32\OLEAUT32.dll
0x000007fefd9a0000 - 0x000007fefd9ed000 	C:\windows\system32\WS2_32.dll
0x000007feff760000 - 0x000007feff768000 	C:\windows\system32\NSI.dll
0x000007fefc1f0000 - 0x000007fefc201000 	C:\windows\system32\WTSAPI32.dll
0x000007fefc770000 - 0x000007fefc7cb000 	C:\windows\system32\DNSAPI.dll
0x000007fefb8b0000 - 0x000007fefb8c8000 	C:\windows\system32\MPR.dll
0x000007fefb870000 - 0x000007fefb8aa000 	C:\Windows\LVUAAgentInstBaseRoot\system32\MozartBreathNet.dll
0x000007fefb800000 - 0x000007fefb863000 	C:\Windows\LVUAAgentInstBaseRoot\system32\MozartBreathFile.dll
0x000007fefb7c0000 - 0x000007fefb7f3000 	C:\Windows\LVUAAgentInstBaseRoot\system32\MozartBreathProcess.dll
0x000007fefb7a0000 - 0x000007fefb7b9000 	C:\Windows\LVUAAgentInstBaseRoot\system32\MozartBreathBolo.dll
0x000007fefb780000 - 0x000007fefb795000 	C:\Windows\LVUAAgentInstBaseRoot\system32\MozartBreathProtect.dll
0x0000000065800000 - 0x00000000658d2000 	D:\tools\JAVA\jdk\jre\bin\msvcr100.dll
0x00000000615b0000 - 0x0000000061e52000 	D:\tools\JAVA\jdk\jre\bin\server\jvm.dll
0x000007fee41e0000 - 0x000007fee41e9000 	C:\windows\system32\WSOCK32.dll
0x000007fefd2e0000 - 0x000007fefd31b000 	C:\windows\system32\WINMM.dll
0x000007fefc3f0000 - 0x000007fefc3fc000 	C:\windows\system32\VERSION.dll
0x00000000777f0000 - 0x00000000777f7000 	C:\windows\system32\PSAPI.DLL
0x0000000072040000 - 0x000000007204f000 	D:\tools\JAVA\jdk\jre\bin\verify.dll
0x000000006d1d0000 - 0x000000006d1f9000 	D:\tools\JAVA\jdk\jre\bin\java.dll
0x000000006fe90000 - 0x000000006feb3000 	D:\tools\JAVA\jdk\jre\bin\instrument.dll
0x000007fef8bf0000 - 0x000007fef8c10000 	C:\windows\system32\Wlanapi.dll
0x000007fef8be0000 - 0x000007fef8be7000 	C:\windows\system32\wlanutil.dll
0x000000006d1b0000 - 0x000000006d1c6000 	D:\tools\JAVA\jdk\jre\bin\zip.dll

VM Arguments:
jvm_args: -javaagent:D:\tools\ideaIU-2020.1.1.win\lib\idea_rt.jar=59238:D:\tools\ideaIU-2020.1.1.win\bin -Dfile.encoding=UTF-8 
java_command: com.qcl.demo.QrCodeDemo
java_class_path (initial): D:\tools\JAVA\jdk\jre\lib\charsets.jar;D:\tools\JAVA\jdk\jre\lib\deploy.jar;D:\tools\JAVA\jdk\jre\lib\ext\access-bridge-64.jar;D:\tools\JAVA\jdk\jre\lib\ext\cldrdata.jar;D:\tools\JAVA\jdk\jre\lib\ext\dnsns.jar;D:\tools\JAVA\jdk\jre\lib\ext\jaccess.jar;D:\tools\JAVA\jdk\jre\lib\ext\jfxrt.jar;D:\tools\JAVA\jdk\jre\lib\ext\localedata.jar;D:\tools\JAVA\jdk\jre\lib\ext\nashorn.jar;D:\tools\JAVA\jdk\jre\lib\ext\sunec.jar;D:\tools\JAVA\jdk\jre\lib\ext\sunjce_provider.jar;D:\tools\JAVA\jdk\jre\lib\ext\sunmscapi.jar;D:\tools\JAVA\jdk\jre\lib\ext\sunpkcs11.jar;D:\tools\JAVA\jdk\jre\lib\ext\zipfs.jar;D:\tools\JAVA\jdk\jre\lib\javaws.jar;D:\tools\JAVA\jdk\jre\lib\jce.jar;D:\tools\JAVA\jdk\jre\lib\jfr.jar;D:\tools\JAVA\jdk\jre\lib\jfxswt.jar;D:\tools\JAVA\jdk\jre\lib\jsse.jar;D:\tools\JAVA\jdk\jre\lib\management-agent.jar;D:\tools\JAVA\jdk\jre\lib\plugin.jar;D:\tools\JAVA\jdk\jre\lib\resources.jar;D:\tools\JAVA\jdk\jre\lib\rt.jar;E:\study\JavaEE±Ê¼Ç\ÏîÄ¿\hutool-demo\target\classes;D:\tools\maven\repository\org\springframework\boot\spring-boot-starter\2.4.2\spring-boot-starter-2.4.2.jar;D:\tools\maven\repository\org\springframework\boot\spring-boot\2.4.2\spring-boot-2.4.2.jar;D:\tools\maven\repository\org\springframework\spring-context\5.3.3\spring-context-5.3.3.jar;D:\tools\maven\repository\org\springframework\boot\spring-boot-autoconfigure\2.4.2\spring-boot-autoconfigure-2.4.2.jar;D:\tools\maven\repository\org\springframework\boot\spring-boot-starter-logging\2.4.2\spring-boot-starter-logging-2.4.2.jar;D:\tools\maven\repository\ch\qos\logback\logback-classic\1.2.3\logback-classic-1.2.3.jar;D:\tools\maven\repository\ch\qos\logback\logback-core\1.2.3\logback-core-1.2.3.jar;D:\tools\maven\repository\org\apache\logging\log4j\log4j-to-slf4j\2.13.3\log4j-to-slf4j-2.13.3.jar;D:\tools\maven\repository\org\apache\logging\log4j\log4j-api\2.13.3\log4j-api-2.13.3.jar;D:\tools\maven\repository\org\slf4j\jul-to-slf4j\1.7.30\jul-to-slf4j-1.7.30.jar;D:\tools\maven\r
Launcher Type: SUN_STANDARD

Environment Variables:
JAVA_HOME=D:\tools\jdk1.7.0_51\jdk1.7.0_51
CLASSPATH=.;D:\tools\jdk1.7.0_51\jdk1.7.0_51\lib;D:\tools\jdk1.7.0_51\jdk1.7.0_51\lib\tools.jar
PATH=C:\windows\system32;C:\windows;C:\windows\System32\Wbem;C:\windows\System32\WindowsPowerShell\v1.0\;C:\Program Files (x86)\NVIDIA Corporation\PhysX\Common;D:\tools\jdk1.7.0_51\jdk1.7.0_51\bin;D:\tools\jdk1.7.0_51\jdk1.7.0_51\jre\bin;D:\tools\maven\apache-maven-3.5.3\bin;C:\Program Files (x86)\Microsoft SQL Server\100\Tools\Binn\;C:\Program Files\Microsoft SQL Server\100\Tools\Binn\;C:\Program Files\Microsoft SQL Server\100\DTS\Binn\;C:\Program Files (x86)\Microsoft SQL Server\100\Tools\Binn\VSShell\Common7\IDE\;C:\Program Files (x86)\Microsoft Visual Studio 9.0\Common7\IDE\PrivateAssemblies\;C:\Program Files (x86)\Microsoft SQL Server\100\DTS\Binn\;C:\Program Files (x86)\Microsoft SQL Server\150\DTS\Binn\;D:\tools\svn\server\anzhuang\bin;D:\tools\svn\client\bin;C:\Program Files\nodejs\;C:\Program Files\Git\cmd;C:\Program Files\EsafeNet\Cobra DocGuard Client;C:\Users\114200818\AppData\Roaming\npm;C:\Program Files (x86)\SSH Communications Security\SSH Secure Shell;C:\Program Files\Bandizip\
USERNAME=114200818
OS=Windows_NT
PROCESSOR_IDENTIFIER=Intel64 Family 6 Model 60 Stepping 3, GenuineIntel



---------------  S Y S T E M  ---------------

OS: Windows 7 , 64 bit Build 7601 (6.1.7601.24384)

CPU:total 8 (initial active 8) (4 cores per cpu, 2 threads per core) family 6 model 60 stepping 3, cmov, cx8, fxsr, mmx, sse, sse2, sse3, ssse3, sse4.1, sse4.2, popcnt, avx, avx2, aes, clmul, erms, rtm, lzcnt, ht, tsc, tscinvbit, bmi1, bmi2

Memory: 4k page, physical 8276288k(2114276k free), swap 8274384k(5576k free)

vm_info: Java HotSpot(TM) 64-Bit Server VM (25.181-b13) for windows-amd64 JRE (1.8.0_181-b13), built on Jul  7 2018 04:01:33 by "java_re" with MS VC++ 10.0 (VS2010)

time: Tue Mar 02 11:11:05 2021
elapsed time: 0 seconds (0d 0h 0m 0s)

